2021-05-17 14:26:17,414 - BrowserEngine - INFO - Starting Chrome browser.
2021-05-17 14:26:17,416 - BrowserEngine - INFO - You had select chrome browser.
2021-05-17 14:26:17,416 - BrowserEngine - INFO - The test server url is: http://course.researchplus.cn
2021-05-17 14:26:17,767 - BrowserEngine - INFO - Open url: http://course.researchplus.cn
2021-05-17 14:26:17,871 - BrowserEngine - INFO - Maximize the current window.
2021-05-17 14:26:17,872 - BrowserEngine - INFO - Set implicitly wait 2 seconds.
2021-05-17 14:26:17,907 - BasePage - INFO - Had find the element  successful by n via value: username 
2021-05-17 14:26:17,931 - BasePage - INFO - Clear text in input box before typing.
2021-05-17 14:26:17,942 - BasePage - INFO - Had find the element  successful by n via value: username 
2021-05-17 14:26:17,974 - BasePage - INFO - Had enter subject_admin in inputBox
2021-05-17 14:26:18,008 - BasePage - INFO - Had find the element  successful by n via value: userpass 
2021-05-17 14:26:18,031 - BasePage - INFO - Clear text in input box before typing.
2021-05-17 14:26:18,042 - BasePage - INFO - Had find the element  successful by n via value: userpass 
2021-05-17 14:26:18,073 - BasePage - INFO - Had enter subject_admin in inputBox
2021-05-17 14:26:18,096 - BasePage - INFO - Had find the element 登录 successful by c via value: login-form-btn 
2021-05-17 14:26:18,101 - BasePage - INFO - The element 登录 was clicked.
2021-05-17 14:26:18,794 - BasePage - INFO - Had find the element 学科管理平台 successful by c via value: logo 
2021-05-17 14:26:18,801 - BasePage - INFO - The browser will close
2021-05-17 14:26:20,092 - BrowserEngine - INFO - Starting Chrome browser.
2021-05-17 14:26:20,093 - BrowserEngine - INFO - You had select chrome browser.
2021-05-17 14:26:20,093 - BrowserEngine - INFO - The test server url is: http://122.112.243.85:8095/index/index/index/site_id/6
2021-05-17 14:26:20,980 - BrowserEngine - INFO - Open url: http://122.112.243.85:8095/index/index/index/site_id/6
2021-05-17 14:26:21,083 - BrowserEngine - INFO - Maximize the current window.
2021-05-17 14:26:21,084 - BrowserEngine - INFO - Set implicitly wait 2 seconds.
2021-05-17 14:26:21,119 - BasePage - INFO - Had find the element  successful by n via value: username 
2021-05-17 14:26:21,144 - BasePage - INFO - Clear text in input box before typing.
2021-05-17 14:26:21,154 - BasePage - INFO - Had find the element  successful by n via value: username 
2021-05-17 14:26:21,185 - BasePage - INFO - Had enter 19830101 in inputBox
2021-05-17 14:26:21,219 - BasePage - INFO - Had find the element  successful by n via value: userpass 
2021-05-17 14:26:21,244 - BasePage - INFO - Clear text in input box before typing.
2021-05-17 14:26:21,255 - BasePage - INFO - Had find the element  successful by n via value: userpass 
2021-05-17 14:26:21,285 - BasePage - INFO - Had enter bbox@456 in inputBox
2021-05-17 14:26:21,309 - BasePage - INFO - Had find the element 登录 successful by c via value: login-form-btn 
2021-05-17 14:26:21,314 - BasePage - INFO - The element 登录 was clicked.
2021-05-17 14:26:24,190 - BasePage - INFO - Had find the element 西北大学总览 successful by x via value: /html/body/div[1]/div[2]/div[2]/div[1]/div[1]/div/span 
2021-05-17 14:26:24,240 - BasePage - INFO - The browser will close
2021-05-17 14:26:25,525 - BrowserEngine - INFO - Starting Chrome browser.
2021-05-17 14:26:25,526 - BrowserEngine - INFO - You had select chrome browser.
2021-05-17 14:26:25,526 - BrowserEngine - INFO - The test server url is: http://122.112.243.85:9376/index/index/index/site_id/48
2021-05-17 14:26:25,923 - BrowserEngine - INFO - Open url: http://122.112.243.85:9376/index/index/index/site_id/48
2021-05-17 14:26:26,026 - BrowserEngine - INFO - Maximize the current window.
2021-05-17 14:26:26,027 - BrowserEngine - INFO - Set implicitly wait 2 seconds.
2021-05-17 14:26:26,063 - BasePage - INFO - Had find the element  successful by n via value: username 
2021-05-17 14:26:26,089 - BasePage - INFO - Clear text in input box before typing.
2021-05-17 14:26:26,100 - BasePage - INFO - Had find the element  successful by n via value: username 
2021-05-17 14:26:26,130 - BasePage - INFO - Had enter auditor in inputBox
2021-05-17 14:26:26,164 - BasePage - INFO - Had find the element  successful by n via value: userpass 
2021-05-17 14:26:26,189 - BasePage - INFO - Clear text in input box before typing.
2021-05-17 14:26:26,200 - BasePage - INFO - Had find the element  successful by n via value: userpass 
2021-05-17 14:26:26,232 - BasePage - INFO - Had enter auditor in inputBox
2021-05-17 14:26:26,255 - BasePage - INFO - Had find the element 登录 successful by c via value: login-form-btn 
2021-05-17 14:26:26,261 - BasePage - INFO - The element 登录 was clicked.
2021-05-17 14:26:27,603 - BasePage - INFO - Had find the element 驾驶舱 successful by x via value: /html/body/div[1]/div[1]/div/div[1]/div/div/ul/li[1]/a/span/span[2] 
2021-05-17 14:26:27,612 - BasePage - INFO - The browser will close
2021-05-17 14:26:28,908 - BrowserEngine - INFO - Starting Chrome browser.
2021-05-17 14:26:28,909 - BrowserEngine - INFO - You had select chrome browser.
2021-05-17 14:26:28,909 - BrowserEngine - INFO - The test server url is: http://ppsuc.researchplus.cn/
2021-05-17 14:26:31,632 - BrowserEngine - INFO - Open url: http://ppsuc.researchplus.cn/
2021-05-17 14:26:31,735 - BrowserEngine - INFO - Maximize the current window.
2021-05-17 14:26:31,736 - BrowserEngine - INFO - Set implicitly wait 2 seconds.
2021-05-17 14:26:31,772 - BasePage - INFO - Had find the element  successful by x via value: /html/body/div/div/div/div[2]/div/form/div[1]/div/div[1]/input 
2021-05-17 14:26:31,797 - BasePage - INFO - Clear text in input box before typing.
2021-05-17 14:26:31,808 - BasePage - INFO - Had find the element  successful by x via value: /html/body/div/div/div/div[2]/div/form/div[1]/div/div[1]/input 
2021-05-17 14:26:31,849 - BasePage - INFO - Had enter fgc1 in inputBox
2021-05-17 14:26:31,888 - BasePage - INFO - Had find the element  successful by x via value: /html/body/div/div/div/div[2]/div/form/div[2]/div/div[1]/input 
2021-05-17 14:26:31,915 - BasePage - INFO - Clear text in input box before typing.
2021-05-17 14:26:31,927 - BasePage - INFO - Had find the element  successful by x via value: /html/body/div/div/div/div[2]/div/form/div[2]/div/div[1]/input 
2021-05-17 14:26:31,971 - BasePage - INFO - Had enter fgc1 in inputBox
2021-05-17 14:26:32,005 - BasePage - INFO - Had find the element 登录 successful by x via value: /html/body/div/div/div/div[2]/div/div/div/button 
2021-05-17 14:26:32,011 - BasePage - INFO - The element 登录 was clicked.
2021-05-17 14:30:33,770 - BasePage - INFO - Had find the element 数据驾驶舱 successful by x via value: /html/body/div/div[1]/div/div[1]/div/div/ul/li[1]/a/span/span[2] 
2021-05-17 14:30:33,778 - BasePage - INFO - The browser will close
2021-05-17 14:30:35,079 - BrowserEngine - INFO - Starting Chrome browser.
2021-05-17 14:30:35,082 - BrowserEngine - INFO - You had select chrome browser.
2021-05-17 14:30:35,082 - BrowserEngine - INFO - The test server url is: http://conf.casdc.com/widgets/lwrl
2021-05-17 14:30:35,435 - BrowserEngine - INFO - Open url: http://conf.casdc.com/widgets/lwrl
2021-05-17 14:30:35,538 - BrowserEngine - INFO - Maximize the current window.
2021-05-17 14:30:35,539 - BrowserEngine - INFO - Set implicitly wait 2 seconds.
2021-05-17 14:30:35,586 - BasePage - INFO - Had find the element  successful by n via value: form[user_name] 
2021-05-17 14:30:35,612 - BasePage - INFO - Clear text in input box before typing.
2021-05-17 14:30:35,622 - BasePage - INFO - Had find the element  successful by n via value: form[user_name] 
2021-05-17 14:30:35,651 - BasePage - INFO - Had enter 091241 in inputBox
2021-05-17 14:30:35,685 - BasePage - INFO - Had find the element  successful by n via value: form[user_pwd] 
2021-05-17 14:30:35,708 - BasePage - INFO - Clear text in input box before typing.
2021-05-17 14:30:35,719 - BasePage - INFO - Had find the element  successful by n via value: form[user_pwd] 
2021-05-17 14:30:35,751 - BasePage - INFO - Had enter Vx7auGERPow!adz in inputBox
2021-05-17 14:30:35,775 - BasePage - INFO - Had find the element 登录 successful by c via value: login-btn 
2021-05-17 14:30:35,780 - BasePage - INFO - The element 登录 was clicked.
2021-05-17 14:30:36,335 - BasePage - INFO - Had find the element 我的成果 successful by x via value: /html/body/div[2]/div/ul/li[1]/a 
2021-05-17 14:30:36,341 - BasePage - INFO - The browser will close
2021-05-17 14:30:37,632 - BrowserEngine - INFO - Starting Chrome browser.
2021-05-17 14:30:37,634 - BrowserEngine - INFO - You had select chrome browser.
2021-05-17 14:30:37,634 - BrowserEngine - INFO - The test server url is: http://xsdc2.casdc.com/widgets/Encyclopedia_PC
2021-05-17 14:30:39,939 - BrowserEngine - INFO - Open url: http://xsdc2.casdc.com/widgets/Encyclopedia_PC
2021-05-17 14:30:40,042 - BrowserEngine - INFO - Maximize the current window.
2021-05-17 14:30:40,043 - BrowserEngine - INFO - Set implicitly wait 2 seconds.
2021-05-17 14:30:40,067 - BasePage - INFO - Had find the element 登录 successful by c via value: sign-in 
2021-05-17 14:30:40,072 - BasePage - INFO - The element 登录 was clicked.
2021-05-17 14:30:40,344 - BasePage - INFO - Had find the element 密码登录 successful by s via value: a[href="#password"] 
2021-05-17 14:30:40,454 - BasePage - INFO - Had find the element 登录 successful by x via value: /html/body/div/div[2]/div/div/div/div[2]/form/button 
2021-05-17 14:30:40,549 - BrowserEngine - INFO - You had select chrome browser.
2021-05-17 14:30:40,549 - BrowserEngine - INFO - The test server url is: http://xsdc2.casdc.com/widgets/Encyclopedia_PC
2021-05-17 14:30:42,220 - BrowserEngine - INFO - Open url: http://xsdc2.casdc.com/widgets/Encyclopedia_PC
2021-05-17 14:30:42,223 - BrowserEngine - INFO - Maximize the current window.
2021-05-17 14:30:42,224 - BrowserEngine - INFO - Set implicitly wait 2 seconds.
2021-05-17 14:30:42,255 - BasePage - INFO - Had find the element zhejiang successful by x via value: /html/body/div[1]/div[1]/div[1]/div/span/span/a 
2021-05-17 14:30:42,262 - BasePage - INFO - The browser will close
2021-05-17 14:30:43,554 - BrowserEngine - INFO - Starting Chrome browser.
2021-05-17 14:30:43,555 - BrowserEngine - INFO - You had select chrome browser.
2021-05-17 14:30:43,556 - BrowserEngine - INFO - The test server url is: http://xsdc2.casdc.com/widgets/zju_atlasnew/#
2021-05-17 14:30:44,056 - BrowserEngine - INFO - Open url: http://xsdc2.casdc.com/widgets/zju_atlasnew/#
2021-05-17 14:30:44,159 - BrowserEngine - INFO - Maximize the current window.
2021-05-17 14:30:44,161 - BrowserEngine - INFO - Set implicitly wait 2 seconds.
2021-05-17 14:30:44,184 - BasePage - INFO - Had find the element 学术图谱 successful by c via value: logo 
2021-05-17 14:30:44,190 - BasePage - INFO - The browser will close
2021-05-17 14:30:45,490 - BrowserEngine - INFO - Starting Chrome browser.
2021-05-17 14:30:45,492 - BrowserEngine - INFO - You had select chrome browser.
2021-05-17 14:30:45,492 - BrowserEngine - INFO - The test server url is: http://p.casdc.com/widgets/xstt/
2021-05-17 14:30:46,518 - BrowserEngine - INFO - Open url: http://p.casdc.com/widgets/xstt/
2021-05-17 14:30:46,621 - BrowserEngine - INFO - Maximize the current window.
2021-05-17 14:30:46,622 - BrowserEngine - INFO - Set implicitly wait 2 seconds.
2021-05-17 14:30:46,656 - BasePage - INFO - Had find the element  successful by x via value: /html/body/div[1]/div[2]/div[2]/div/div/div[1]/form/div[1]/input 
2021-05-17 14:30:46,681 - BasePage - INFO - Clear text in input box before typing.
2021-05-17 14:30:46,693 - BasePage - INFO - Had find the element  successful by x via value: /html/body/div[1]/div[2]/div[2]/div/div/div[1]/form/div[1]/input 
2021-05-17 14:30:46,726 - BasePage - INFO - Had enter ceshi in inputBox
2021-05-17 14:30:46,764 - BasePage - INFO - Had find the element  successful by x via value: /html/body/div[1]/div[2]/div[2]/div/div/div[1]/form/div[2]/input 
2021-05-17 14:30:46,787 - BasePage - INFO - Clear text in input box before typing.
2021-05-17 14:30:46,800 - BasePage - INFO - Had find the element  successful by x via value: /html/body/div[1]/div[2]/div[2]/div/div/div[1]/form/div[2]/input 
2021-05-17 14:30:46,832 - BasePage - INFO - Had enter !Q2w3e4r in inputBox
2021-05-17 14:30:46,864 - BasePage - INFO - Had find the element 登录 successful by x via value: /html/body/div[1]/div[2]/div[2]/div/div/div[1]/form/button 
2021-05-17 14:30:46,869 - BasePage - INFO - The element 登录 was clicked.
2021-05-17 14:30:49,447 - BasePage - INFO - Had find the element SciTube  科研助手 successful by x via value: /html/body/div[1]/div[1]/div/a 
2021-05-17 14:30:49,453 - BasePage - INFO - The browser will close
2021-05-17 14:30:50,768 - BrowserEngine - INFO - Starting Chrome browser.
2021-05-17 14:30:50,769 - BrowserEngine - INFO - You had select chrome browser.
2021-05-17 14:30:50,769 - BrowserEngine - INFO - The test server url is: http://gzucm.researchplus.cn/
2021-05-17 14:30:51,147 - BrowserEngine - INFO - Open url: http://gzucm.researchplus.cn/
2021-05-17 14:30:51,250 - BrowserEngine - INFO - Maximize the current window.
2021-05-17 14:30:51,251 - BrowserEngine - INFO - Set implicitly wait 2 seconds.
2021-05-17 14:30:51,286 - BasePage - INFO - Had find the element  successful by x via value: /html/body/div[1]/div/div[1]/div[2]/div/form/div[1]/div/div[1]/input 
2021-05-17 14:30:51,310 - BasePage - INFO - Clear text in input box before typing.
2021-05-17 14:30:51,320 - BasePage - INFO - Had find the element  successful by x via value: /html/body/div[1]/div/div[1]/div[2]/div/form/div[1]/div/div[1]/input 
2021-05-17 14:30:51,409 - BasePage - INFO - Had enter gzy_admin in inputBox
2021-05-17 14:30:51,448 - BasePage - INFO - Had find the element  successful by x via value: /html/body/div[1]/div/div[1]/div[2]/div/form/div[2]/div/div[1]/input 
2021-05-17 14:30:51,476 - BasePage - INFO - Clear text in input box before typing.
2021-05-17 14:30:51,488 - BasePage - INFO - Had find the element  successful by x via value: /html/body/div[1]/div/div[1]/div[2]/div/form/div[2]/div/div[1]/input 
2021-05-17 14:30:51,558 - BasePage - INFO - Had enter bbox@456 in inputBox
2021-05-17 14:30:51,594 - BasePage - INFO - Had find the element 登录 successful by x via value: /html/body/div/div/div[1]/div[2]/div/div/div/button 
2021-05-17 14:30:51,601 - BasePage - INFO - The element 登录 was clicked.
2021-05-17 14:30:52,609 - BasePage - INFO - Had find the element 考核结果 successful by x via value: /html/body/div[1]/div[1]/div[2]/div[2]/ul/li[1]/div/span/a 
2021-05-17 14:30:52,615 - BasePage - INFO - The browser will close
2021-05-17 14:30:53,907 - BrowserEngine - INFO - Starting Chrome browser.
2021-05-17 14:30:53,908 - BrowserEngine - INFO - You had select chrome browser.
2021-05-17 14:30:53,908 - BrowserEngine - INFO - The test server url is: http://122.112.243.85:8089?site_id=35
2021-05-17 14:30:55,387 - BrowserEngine - INFO - Open url: http://122.112.243.85:8089?site_id=35
2021-05-17 14:30:55,490 - BrowserEngine - INFO - Maximize the current window.
2021-05-17 14:30:55,491 - BrowserEngine - INFO - Set implicitly wait 2 seconds.
2021-05-17 14:30:55,528 - BasePage - INFO - Had find the element  successful by x via value: /html/body/div/div/div[1]/div[2]/div/form/div[1]/div/div[1]/input 
2021-05-17 14:30:55,551 - BasePage - INFO - Clear text in input box before typing.
2021-05-17 14:30:55,562 - BasePage - INFO - Had find the element  successful by x via value: /html/body/div/div/div[1]/div[2]/div/form/div[1]/div/div[1]/input 
2021-05-17 14:30:55,645 - BasePage - INFO - Had enter blg_yxms in inputBox
2021-05-17 14:30:55,684 - BasePage - INFO - Had find the element  successful by x via value: /html/body/div/div/div[1]/div[2]/div/form/div[2]/div/div[1]/input 
2021-05-17 14:30:55,711 - BasePage - INFO - Clear text in input box before typing.
2021-05-17 14:30:55,723 - BasePage - INFO - Had find the element  successful by x via value: /html/body/div/div/div[1]/div[2]/div/form/div[2]/div/div[1]/input 
2021-05-17 14:30:55,786 - BasePage - INFO - Had enter 123456 in inputBox
2021-05-17 14:30:55,823 - BasePage - INFO - Had find the element 登录 successful by x via value: /html/body/div/div/div[1]/div[2]/div/div/div/button/span/span 
2021-05-17 14:30:55,829 - BasePage - INFO - The element 登录 was clicked.
2021-05-17 14:30:58,839 - BasePage - INFO - Had find the element 绩效看板 successful by x via value: /html/body/div[1]/div[2]/div[1]/div/ul/li[1]/a 
2021-05-17 14:30:58,866 - BasePage - INFO - The browser will close
2021-05-17 14:31:00,173 - BrowserEngine - INFO - Starting Chrome browser.
2021-05-17 14:31:00,175 - BrowserEngine - INFO - You had select chrome browser.
2021-05-17 14:31:00,175 - BrowserEngine - INFO - The test server url is: http://yanshi.casdc.com/index/index/login.html?site_id=109
2021-05-17 14:31:00,397 - BrowserEngine - INFO - Open url: http://yanshi.casdc.com/index/index/login.html?site_id=109
2021-05-17 14:31:00,500 - BrowserEngine - INFO - Maximize the current window.
2021-05-17 14:31:00,502 - BrowserEngine - INFO - Set implicitly wait 2 seconds.
2021-05-17 14:31:00,540 - BasePage - INFO - Had find the element  successful by n via value: username 
2021-05-17 14:31:00,570 - BasePage - INFO - Clear text in input box before typing.
2021-05-17 14:31:00,585 - BasePage - INFO - Had find the element  successful by n via value: username 
2021-05-17 14:31:00,628 - BasePage - INFO - Had enter 2010810769 in inputBox
2021-05-17 14:31:00,671 - BasePage - INFO - Had find the element  successful by n via value: userpass 
2021-05-17 14:31:00,706 - BasePage - INFO - Clear text in input box before typing.
2021-05-17 14:31:00,721 - BasePage - INFO - Had find the element  successful by n via value: userpass 
2021-05-17 14:31:00,763 - BasePage - INFO - Had enter 2010810769 in inputBox
2021-05-17 14:31:00,792 - BasePage - INFO - Had find the element 登录 successful by c via value: login-form-btn 
2021-05-17 14:31:00,799 - BasePage - INFO - The element 登录 was clicked.
2021-05-17 14:31:04,568 - BasePage - INFO - Had find the element 导师综合服务门户 successful by c via value: header-left 
2021-05-17 14:31:04,576 - BasePage - INFO - The browser will close
2021-05-17 14:31:05,877 - BrowserEngine - INFO - Starting Chrome browser.
2021-05-17 14:31:05,878 - BrowserEngine - INFO - You had select chrome browser.
2021-05-17 14:31:05,878 - BrowserEngine - INFO - The test server url is: http://122.112.243.85:9375/index/index/index/site_id/28
2021-05-17 14:31:06,260 - BrowserEngine - INFO - Open url: http://122.112.243.85:9375/index/index/index/site_id/28
2021-05-17 14:31:06,363 - BrowserEngine - INFO - Maximize the current window.
2021-05-17 14:31:06,364 - BrowserEngine - INFO - Set implicitly wait 2 seconds.
2021-05-17 14:31:06,399 - BasePage - INFO - Had find the element  successful by n via value: username 
2021-05-17 14:31:06,423 - BasePage - INFO - Clear text in input box before typing.
2021-05-17 14:31:06,434 - BasePage - INFO - Had find the element  successful by n via value: username 
2021-05-17 14:31:06,464 - BasePage - INFO - Had enter zhoujia in inputBox
2021-05-17 14:31:06,497 - BasePage - INFO - Had find the element  successful by n via value: userpass 
2021-05-17 14:31:06,520 - BasePage - INFO - Clear text in input box before typing.
2021-05-17 14:31:06,531 - BasePage - INFO - Had find the element  successful by n via value: userpass 
2021-05-17 14:31:06,562 - BasePage - INFO - Had enter scjd123456! in inputBox
2021-05-17 14:31:06,585 - BasePage - INFO - Had find the element 登录 successful by c via value: login-form-btn 
2021-05-17 14:31:06,590 - BasePage - INFO - The element 登录 was clicked.
2021-05-17 14:31:07,240 - BasePage - INFO - Had find the element 内部质量体系信息平台软件 successful by c via value: head_litterTitle 
2021-05-17 14:31:07,247 - BasePage - INFO - The browser will close
